<?xml version="1.0" encoding="UTF-8"?>
<!-- Generated by org.testng.reporters.JUnitReportReporter -->
<testsuite hostname="DESKTOP-IT1NBIS" failures="0" tests="1" name="TestLayer.JavaScriptPograms" time="9.604" errors="0" timestamp="22 Feb 2022 09:30:49 GMT">
  <testcase classname="TestLayer.JavaScriptPograms" name="openfb" time="9.604"/>
</testsuite> <!-- TestLayer.JavaScriptPograms -->
