<?xml version="1.0" encoding="UTF-8"?>
<!-- Generated by org.testng.reporters.JUnitReportReporter -->
<testsuite hostname="DESKTOP-IT1NBIS" failures="0" tests="6" name="TestLayer.LoginTest" time="3.835" errors="0" timestamp="11 Feb 2022 09:08:28 GMT">
  <testcase classname="TestLayer.LoginTest" name="validateUsername" time="0.285"/>
  <testcase classname="TestLayer.LoginTest" name="validateLoginButton" time="0.104"/>
  <testcase classname="TestLayer.LoginTest" name="getValues" time="0.568"/>
  <testcase classname="TestLayer.LoginTest" name="loginToWebsite" time="2.256"/>
  <testcase classname="TestLayer.LoginTest" name="validatePassword" time="0.149"/>
  <testcase classname="TestLayer.LoginTest" name="enterCredentials" time="0.473"/>
</testsuite> <!-- TestLayer.LoginTest -->
