<?xml version="1.0" encoding="UTF-8"?>
<!-- Generated by org.testng.reporters.JUnitReportReporter -->
<testsuite hostname="DESKTOP-IT1NBIS" failures="0" tests="6" name="TestLayer.LoginTest" time="7.750" errors="0" timestamp="4 Mar 2022 09:58:33 GMT">
  <testcase classname="TestLayer.LoginTest" name="validateUsername" time="0.321"/>
  <testcase classname="TestLayer.LoginTest" name="validateLoginButton" time="0.199"/>
  <testcase classname="TestLayer.LoginTest" name="getValues" time="0.185"/>
  <testcase classname="TestLayer.LoginTest" name="loginToWebsite" time="6.332"/>
  <testcase classname="TestLayer.LoginTest" name="validatePassword" time="0.164"/>
  <testcase classname="TestLayer.LoginTest" name="enterCredentials" time="0.549"/>
</testsuite> <!-- TestLayer.LoginTest -->
